[00:09:59] [Server thread/INFO]: Luofan lost connection: Disconnected
[00:09:59] [Server thread/INFO]: Luofan left the game
[14:17:31] [Server thread/INFO]: Luofan[/192.168.2.1:42434] logged in with entity id 97960 at (53.28639276596255, 70.0, 129.8451797825531)
[14:17:31] [Server thread/INFO]: Luofan joined the game
[14:18:46] [Server thread/INFO]: yi_tai[/192.168.2.1:22744] logged in with entity id 98152 at (16.968505506749363, 97.0, -89.27383891456525)
[14:18:46] [Server thread/INFO]: yi_tai joined the game
[14:20:33] [Server thread/INFO]: [Not Secure] <yi_tai> qwq
[14:20:36] [Server thread/INFO]: [Not Secure] <Luofan> 怎么啦
[14:20:46] [Server thread/INFO]: [Not Secure] <yi_tai> 没事啦
[14:21:31] [Server thread/INFO]: [Not Secure] <yi_tai> 你在哪
[14:21:41] [Server thread/INFO]: [Not Secure] <Luofan> 在家这里
[14:21:49] [Server thread/INFO]: [Not Secure] <Luofan> 我自己的房子）
[14:22:18] [Server thread/INFO]: [Not Secure] <yi_tai> 找不到
[14:23:35] [Server thread/INFO]: [Not Secure] <Luofan> 在牛羊场往地狱门走哦
[14:25:55] [Server thread/INFO]: [Not Secure] <yi_tai> 要进去吗
[14:26:01] [Server thread/INFO]: [Not Secure] <Luofan> 随意呀
[14:26:17] [Server thread/INFO]: [Not Secure] <yi_tai> 唔
[14:26:24] [Server thread/INFO]: [Not Secure] <yi_tai> 你来找我吧
[14:27:58] [Server thread/INFO]: [Not Secure] <Luofan> 这里算是咱家ww
[14:28:03] [Server thread/INFO]: [Not Secure] <yi_tai> xwx
[14:28:31] [Server thread/INFO]: [Not Secure] <Luofan> 所以现在干什么呢
[14:28:36] [Server thread/INFO]: [Not Secure] <yi_tai> 唔
[14:29:05] [Server thread/INFO]: [Not Secure] <yi_tai> 不知道qwq
[14:30:18] [Server thread/INFO]: [Not Secure] <Luofan> 我去下地狱捞岩浆
[14:30:23] [Server thread/INFO]: [Not Secure] <yi_tai> 好qwq
[14:31:33] [Server thread/INFO]: [Not Secure] <yi_tai> 我建个家？
[14:31:41] [Server thread/INFO]: [Not Secure] <Luofan> 都可以
[14:32:05] [Server thread/INFO]: yi_tai was shot by Skeleton
[14:32:09] [Server thread/INFO]: [Not Secure] <Luofan> 咦
[14:32:19] [Server thread/INFO]: [Not Secure] <Luofan> 我去给你弄套铁装
[14:32:36] [Server thread/INFO]: [Not Secure] <yi_tai> 不用啦
[14:33:47] [Server thread/INFO]: Luofan has made the advancement [Suit Up]
[14:34:20] [Server thread/INFO]: [Not Secure] <Luofan> 在哪里呢
[14:34:29] [Server thread/INFO]: [Not Secure] <yi_tai> 家qwq
[14:34:46] [Server thread/INFO]: yi_tai has made the advancement [Suit Up]
[14:35:15] [Server thread/INFO]: [Not Secure] <yi_tai> 死亡掉落的话穿装备都会丢的
[14:35:25] [Server thread/INFO]: [Not Secure] <Luofan> 没事，他们做了刷铁机
[14:35:33] [Server thread/INFO]: [Not Secure] <yi_tai> qwq
[14:36:04] [Server thread/INFO]: [Not Secure] <yi_tai> 也不知道做点什么
[14:36:12] [Server thread/INFO]: [Not Secure] <Luofan> 等会我下矿哦
[14:36:27] [Server thread/INFO]: [Not Secure] <yi_tai> 我和你一起吧
[14:36:34] [Server thread/INFO]: [Not Secure] <Luofan> 你可以找片好建房子的地方哦
[14:36:49] [Server thread/INFO]: [Not Secure] <Luofan> 砍点树什么的
[14:36:57] [Server thread/INFO]: [Not Secure] <yi_tai> 唔
[14:37:02] [Server thread/INFO]: [Not Secure] <yi_tai> 好叭
[14:39:55] [Server thread/INFO]: [Not Secure] <Luofan> 火堆可以用烤马铃薯哦
[14:45:58] [Server thread/INFO]: [Not Secure] <yi_tai> 唔，需不需要我帮你干点啥
[14:46:03] [Server thread/INFO]: [Not Secure] <Luofan> 暂时没有哦
[14:46:12] [Server thread/INFO]: [Not Secure] <yi_tai> 好qwq
[14:47:40] [Server thread/INFO]: [Not Secure] <yi_tai> 唔，确实有点无聊呢qwq
[14:47:55] [Server thread/INFO]: [Not Secure] <Luofan> 那。。自己建房子吗？
[14:48:14] [Server thread/INFO]: [Not Secure] <yi_tai> 唔
[14:48:19] [Server thread/INFO]: [Not Secure] <yi_tai> 不用啦
[14:48:51] [Server thread/INFO]: [Not Secure] <yi_tai> 我一会去单人游戏里建一个四合院
[14:48:54] [Server thread/INFO]: [Not Secure] <yi_tai> qwq
[14:49:48] [Server thread/INFO]: [Not Secure] <yi_tai> 这服好像一直没有人玩
[14:49:51] [Server thread/INFO]: [Not Secure] <Luofan> 有哦
[14:50:05] [Server thread/INFO]: [Not Secure] <Luofan> 那个聚会厅我之前就没看到
[14:50:06] [Server thread/INFO]: [Not Secure] <yi_tai> 可能是我上线的时间不对
[14:50:33] [Server thread/INFO]: [Not Secure] <yi_tai> 那你有考虑好当我的主人吗qwq
[14:50:42] [Server thread/INFO]: [Not Secure] <Luofan> 诶诶。。。这个小窗说拉）
[14:50:56] [Server thread/INFO]: [Not Secure] <yi_tai> oo
[14:51:01] [Server thread/INFO]: [Not Secure] <yi_tai> 抱歉哈
[14:53:11] [Server thread/INFO]: [Not Secure] <Luofan> 怎么啦
[14:53:18] [Server thread/INFO]: [Not Secure] <yi_tai> 没事qwq
[14:53:37] [Server thread/INFO]: [Not Secure] <Luofan> 只要有1/3的人睡觉就能度过夜晚哦
[14:53:41] [Server thread/INFO]: [Not Secure] <Luofan> 我下矿拉
[14:53:50] [Server thread/INFO]: [Not Secure] <yi_tai> 1.19.3好神奇
[14:53:58] [Server thread/INFO]: [Not Secure] <Luofan> 唔？那可以多试试呀
[14:54:13] [Server thread/INFO]: [Not Secure] <yi_tai> 不过我不常玩
[14:54:23] [Server thread/INFO]: [Not Secure] <Luofan> 没事拉，偶尔摸鱼就好
[14:54:36] [Server thread/INFO]: [Not Secure] <yi_tai> 一会陪我去qq聊聊天嘛？
[14:54:41] [Server thread/INFO]: [Not Secure] <Luofan> 可以拉
[14:54:49] [Server thread/INFO]: [Not Secure] <yi_tai> 好诶
[14:55:01] [Server thread/INFO]: [Not Secure] <yi_tai> 我还拍了一张照片qwq
[15:11:00] [Server thread/INFO]: Luofan was slain by Silverfish
[15:12:52] [Server thread/INFO]: [Not Secure] <Luofan> 刚刚挖到虫子了））
[15:15:32] [Server thread/INFO]: [Not Secure] <Luofan> 只挖到几个红石））
[15:21:07] [Server thread/INFO]: [Not Secure] <Luofan> 苦力怕
[15:21:08] [Server thread/INFO]: yi_tai has made the advancement [Acquire Hardware]
[15:21:16] [Server thread/INFO]: [Not Secure] <Luofan> 在刚刚那下面））吓死我了
[15:21:57] [Server thread/INFO]: [Not Secure] <yi_tai> 快来
[15:22:47] [Server thread/INFO]: yi_tai has made the advancement [Isn't It Iron Pick]
[15:23:29] [Server thread/INFO]: [Not Secure] <yi_tai> 刷怪房
[15:24:19] [Server thread/INFO]: [Not Secure] <Luofan> 小心点拉
[15:25:17] [Server thread/INFO]: [Not Secure] <Luofan> 去封刷怪笼？
[15:25:25] [Server thread/INFO]: [Not Secure] <yi_tai> e
[15:25:29] [Server thread/INFO]: [Not Secure] <yi_tai> 都行
[15:28:19] [Server thread/INFO]: [Not Secure] <Luofan> 怎么回去呢））
[15:28:24] [Server thread/INFO]: [Not Secure] <Luofan> 迷路ing
[15:30:10] [Server thread/INFO]: [Not Secure] <Luofan> 那我回去先把东西方箱子里了哦
[15:31:11] [Server thread/INFO]: [Not Secure] <yi_tai> 要休息一下吗
[15:35:13] [Server thread/INFO]: [Not Secure] <Luofan> 这里是刷铁机
[15:35:51] [Server thread/INFO]: [Not Secure] <Luofan> 这里海带可以用来烧）
[15:36:25] [Server thread/INFO]: [Not Secure] <Luofan> 上面有村民）9个甜浆果可以换一个绿宝石
[15:43:00] [Server thread/INFO]: [Not Secure] <yi_tai> 陪我去qq聊天嘛
[15:43:08] [Server thread/INFO]: [Not Secure] <yi_tai> 有点累了
[15:43:19] [Server thread/INFO]: [Not Secure] <Luofan> 好哦
[15:43:21] [Server thread/INFO]: Luofan lost connection: Disconnected
[15:43:21] [Server thread/INFO]: Luofan left the game
[15:43:24] [Server thread/INFO]: yi_tai lost connection: Disconnected
[15:43:24] [Server thread/INFO]: yi_tai left the game
[22:14:34] [Server thread/INFO]: There are 0 of a max of 10 players online: 
[22:14:50] [Server thread/INFO]: Stopping the server
[22:14:50] [Server thread/INFO]: Stopping server
[22:14:50] [Server thread/INFO]: Saving players
[22:14:50] [Server thread/INFO]: Saving worlds
[22:14:53] [Server thread/INFO]: Saving chunks for level 'ServerLevel[world]'/minecraft:overworld
[22:14:53] [Server thread/INFO]: Saving chunks for level 'ServerLevel[world]'/minecraft:the_nether
[22:14:53] [Server thread/INFO]: Saving chunks for level 'ServerLevel[world]'/minecraft:the_end
[22:14:53] [Server thread/INFO]: ThreadedAnvilChunkStorage (world): All chunks are saved
[22:14:53] [Server thread/INFO]: ThreadedAnvilChunkStorage (DIM-1): All chunks are saved
[22:14:53] [Server thread/INFO]: ThreadedAnvilChunkStorage (DIM1): All chunks are saved
[22:14:53] [Server thread/INFO]: ThreadedAnvilChunkStorage: All dimensions are saved
